{"level":40,"time":1679952753573,"pid":11868,"hostname":"Franco-Asusta2","method":"GET","url":"/"}
{"level":40,"time":1679952753732,"pid":11868,"hostname":"Franco-Asusta2","method":"GET","url":"/favicon.ico"}
{"level":40,"time":1679952755452,"pid":11868,"hostname":"Franco-Asusta2","method":"GET","url":"/favicon.ico"}
{"level":40,"time":1679952758124,"pid":11868,"hostname":"Franco-Asusta2","method":"GET","url":"/favicon.ico"}
{"level":40,"time":1679952826681,"pid":11868,"hostname":"Franco-Asusta2","method":"GET","url":"/favicon.ico"}
{"level":40,"time":1679952829268,"pid":11868,"hostname":"Franco-Asusta2","method":"GET","url":"/favicon.ico"}
{"level":40,"time":1679952938072,"pid":11868,"hostname":"Franco-Asusta2","method":"GET","url":"/favicon.ico"}
{"level":40,"time":1679952940685,"pid":11868,"hostname":"Franco-Asusta2","method":"GET","url":"/favicon.ico"}
{"level":40,"time":1679953062483,"pid":11868,"hostname":"Franco-Asusta2","method":"GET","url":"/favicon.ico"}
{"level":40,"time":1679953224511,"pid":11868,"hostname":"Franco-Asusta2","method":"GET","url":"/favicon.ico"}
{"level":40,"time":1679955706369,"pid":15292,"hostname":"Franco-Asusta2","method":"GET","url":"/"}
{"level":40,"time":1679955706671,"pid":15292,"hostname":"Franco-Asusta2","method":"GET","url":"/favicon.ico"}
{"level":40,"time":1679955708304,"pid":15292,"hostname":"Franco-Asusta2","method":"GET","url":"/favicon.ico"}
{"level":40,"time":1679955715373,"pid":15292,"hostname":"Franco-Asusta2","method":"GET","url":"/favicon.ico"}
{"level":40,"time":1679955716684,"pid":15292,"hostname":"Franco-Asusta2","method":"GET","url":"/favicon.ico"}
{"level":40,"time":1679955738618,"pid":15292,"hostname":"Franco-Asusta2","method":"GET","url":"/favicon.ico"}
{"level":40,"time":1679955741207,"pid":15292,"hostname":"Franco-Asusta2","method":"GET","url":"/favicon.ico"}
{"level":40,"time":1679956122044,"pid":15292,"hostname":"Franco-Asusta2","method":"GET","url":"/favicon.ico"}
{"level":50,"time":1679956651064,"pid":10908,"hostname":"Franco-Asusta2","err":{"type":"TypeError","message":"Cannot destructure property 'user' of 'req.session.passport' as it is undefined.","stack":"TypeError: Cannot destructure property 'user' of 'req.session.passport' as it is undefined.\n    at file:///C:/Users/Franco/Desktop/PROGRAMACION/BACKEND/FrancoPipieriBackEnd/Clase36/src/routes/index.js:38:17\n    at Layer.handle [as handle_request] (C:\\Users\\Franco\\Desktop\\PROGRAMACION\\BACKEND\\FrancoPipieriBackEnd\\Clase36\\node_modules\\express\\lib\\router\\layer.js:95:5)\n    at next (C:\\Users\\Franco\\Desktop\\PROGRAMACION\\BACKEND\\FrancoPipieriBackEnd\\Clase36\\node_modules\\express\\lib\\router\\route.js:144:13)\n    at Route.dispatch (C:\\Users\\Franco\\Desktop\\PROGRAMACION\\BACKEND\\FrancoPipieriBackEnd\\Clase36\\node_modules\\express\\lib\\router\\route.js:114:3)\n    at Layer.handle [as handle_request] (C:\\Users\\Franco\\Desktop\\PROGRAMACION\\BACKEND\\FrancoPipieriBackEnd\\Clase36\\node_modules\\express\\lib\\router\\layer.js:95:5)\n    at C:\\Users\\Franco\\Desktop\\PROGRAMACION\\BACKEND\\FrancoPipieriBackEnd\\Clase36\\node_modules\\express\\lib\\router\\index.js:284:15\n    at Function.process_params (C:\\Users\\Franco\\Desktop\\PROGRAMACION\\BACKEND\\FrancoPipieriBackEnd\\Clase36\\node_modules\\express\\lib\\router\\index.js:346:12)\n    at next (C:\\Users\\Franco\\Desktop\\PROGRAMACION\\BACKEND\\FrancoPipieriBackEnd\\Clase36\\node_modules\\express\\lib\\router\\index.js:280:10)\n    at Function.handle (C:\\Users\\Franco\\Desktop\\PROGRAMACION\\BACKEND\\FrancoPipieriBackEnd\\Clase36\\node_modules\\express\\lib\\router\\index.js:175:3)\n    at router (C:\\Users\\Franco\\Desktop\\PROGRAMACION\\BACKEND\\FrancoPipieriBackEnd\\Clase36\\node_modules\\express\\lib\\router\\index.js:47:12)"},"msg":"Cannot destructure property 'user' of 'req.session.passport' as it is undefined."}
{"level":50,"time":1679956735562,"pid":10908,"hostname":"Franco-Asusta2","err":{"type":"TypeError","message":"Cannot destructure property 'user' of 'req.session.passport' as it is undefined.","stack":"TypeError: Cannot destructure property 'user' of 'req.session.passport' as it is undefined.\n    at file:///C:/Users/Franco/Desktop/PROGRAMACION/BACKEND/FrancoPipieriBackEnd/Clase36/src/routes/index.js:38:17\n    at Layer.handle [as handle_request] (C:\\Users\\Franco\\Desktop\\PROGRAMACION\\BACKEND\\FrancoPipieriBackEnd\\Clase36\\node_modules\\express\\lib\\router\\layer.js:95:5)\n    at next (C:\\Users\\Franco\\Desktop\\PROGRAMACION\\BACKEND\\FrancoPipieriBackEnd\\Clase36\\node_modules\\express\\lib\\router\\route.js:144:13)\n    at Route.dispatch (C:\\Users\\Franco\\Desktop\\PROGRAMACION\\BACKEND\\FrancoPipieriBackEnd\\Clase36\\node_modules\\express\\lib\\router\\route.js:114:3)\n    at Layer.handle [as handle_request] (C:\\Users\\Franco\\Desktop\\PROGRAMACION\\BACKEND\\FrancoPipieriBackEnd\\Clase36\\node_modules\\express\\lib\\router\\layer.js:95:5)\n    at C:\\Users\\Franco\\Desktop\\PROGRAMACION\\BACKEND\\FrancoPipieriBackEnd\\Clase36\\node_modules\\express\\lib\\router\\index.js:284:15\n    at Function.process_params (C:\\Users\\Franco\\Desktop\\PROGRAMACION\\BACKEND\\FrancoPipieriBackEnd\\Clase36\\node_modules\\express\\lib\\router\\index.js:346:12)\n    at next (C:\\Users\\Franco\\Desktop\\PROGRAMACION\\BACKEND\\FrancoPipieriBackEnd\\Clase36\\node_modules\\express\\lib\\router\\index.js:280:10)\n    at Function.handle (C:\\Users\\Franco\\Desktop\\PROGRAMACION\\BACKEND\\FrancoPipieriBackEnd\\Clase36\\node_modules\\express\\lib\\router\\index.js:175:3)\n    at router (C:\\Users\\Franco\\Desktop\\PROGRAMACION\\BACKEND\\FrancoPipieriBackEnd\\Clase36\\node_modules\\express\\lib\\router\\index.js:47:12)"},"msg":"Cannot destructure property 'user' of 'req.session.passport' as it is undefined."}
{"level":50,"time":1679956765728,"pid":12140,"hostname":"Franco-Asusta2","err":{"type":"TypeError","message":"Cannot destructure property 'user' of 'req.session.passport' as it is undefined.","stack":"TypeError: Cannot destructure property 'user' of 'req.session.passport' as it is undefined.\n    at file:///C:/Users/Franco/Desktop/PROGRAMACION/BACKEND/FrancoPipieriBackEnd/Clase36/src/routes/index.js:38:17\n    at Layer.handle [as handle_request] (C:\\Users\\Franco\\Desktop\\PROGRAMACION\\BACKEND\\FrancoPipieriBackEnd\\Clase36\\node_modules\\express\\lib\\router\\layer.js:95:5)\n    at next (C:\\Users\\Franco\\Desktop\\PROGRAMACION\\BACKEND\\FrancoPipieriBackEnd\\Clase36\\node_modules\\express\\lib\\router\\route.js:144:13)\n    at Route.dispatch (C:\\Users\\Franco\\Desktop\\PROGRAMACION\\BACKEND\\FrancoPipieriBackEnd\\Clase36\\node_modules\\express\\lib\\router\\route.js:114:3)\n    at Layer.handle [as handle_request] (C:\\Users\\Franco\\Desktop\\PROGRAMACION\\BACKEND\\FrancoPipieriBackEnd\\Clase36\\node_modules\\express\\lib\\router\\layer.js:95:5)\n    at C:\\Users\\Franco\\Desktop\\PROGRAMACION\\BACKEND\\FrancoPipieriBackEnd\\Clase36\\node_modules\\express\\lib\\router\\index.js:284:15\n    at Function.process_params (C:\\Users\\Franco\\Desktop\\PROGRAMACION\\BACKEND\\FrancoPipieriBackEnd\\Clase36\\node_modules\\express\\lib\\router\\index.js:346:12)\n    at next (C:\\Users\\Franco\\Desktop\\PROGRAMACION\\BACKEND\\FrancoPipieriBackEnd\\Clase36\\node_modules\\express\\lib\\router\\index.js:280:10)\n    at Function.handle (C:\\Users\\Franco\\Desktop\\PROGRAMACION\\BACKEND\\FrancoPipieriBackEnd\\Clase36\\node_modules\\express\\lib\\router\\index.js:175:3)\n    at router (C:\\Users\\Franco\\Desktop\\PROGRAMACION\\BACKEND\\FrancoPipieriBackEnd\\Clase36\\node_modules\\express\\lib\\router\\index.js:47:12)"},"msg":"Cannot destructure property 'user' of 'req.session.passport' as it is undefined."}
{"level":40,"time":1679956772124,"pid":12140,"hostname":"Franco-Asusta2","method":"GET","url":"/"}
{"level":40,"time":1679956772503,"pid":12140,"hostname":"Franco-Asusta2","method":"GET","url":"/favicon.ico"}
{"level":40,"time":1679956774216,"pid":12140,"hostname":"Franco-Asusta2","method":"GET","url":"/favicon.ico"}
{"level":50,"time":1679956784930,"pid":12140,"hostname":"Franco-Asusta2","err":{"type":"TypeError","message":"Cannot destructure property 'user' of 'req.session.passport' as it is undefined.","stack":"TypeError: Cannot destructure property 'user' of 'req.session.passport' as it is undefined.\n    at file:///C:/Users/Franco/Desktop/PROGRAMACION/BACKEND/FrancoPipieriBackEnd/Clase36/src/routes/index.js:50:21\n    at Layer.handle [as handle_request] (C:\\Users\\Franco\\Desktop\\PROGRAMACION\\BACKEND\\FrancoPipieriBackEnd\\Clase36\\node_modules\\express\\lib\\router\\layer.js:95:5)\n    at next (C:\\Users\\Franco\\Desktop\\PROGRAMACION\\BACKEND\\FrancoPipieriBackEnd\\Clase36\\node_modules\\express\\lib\\router\\route.js:144:13)\n    at Route.dispatch (C:\\Users\\Franco\\Desktop\\PROGRAMACION\\BACKEND\\FrancoPipieriBackEnd\\Clase36\\node_modules\\express\\lib\\router\\route.js:114:3)\n    at Layer.handle [as handle_request] (C:\\Users\\Franco\\Desktop\\PROGRAMACION\\BACKEND\\FrancoPipieriBackEnd\\Clase36\\node_modules\\express\\lib\\router\\layer.js:95:5)\n    at C:\\Users\\Franco\\Desktop\\PROGRAMACION\\BACKEND\\FrancoPipieriBackEnd\\Clase36\\node_modules\\express\\lib\\router\\index.js:284:15\n    at Function.process_params (C:\\Users\\Franco\\Desktop\\PROGRAMACION\\BACKEND\\FrancoPipieriBackEnd\\Clase36\\node_modules\\express\\lib\\router\\index.js:346:12)\n    at next (C:\\Users\\Franco\\Desktop\\PROGRAMACION\\BACKEND\\FrancoPipieriBackEnd\\Clase36\\node_modules\\express\\lib\\router\\index.js:280:10)\n    at Function.handle (C:\\Users\\Franco\\Desktop\\PROGRAMACION\\BACKEND\\FrancoPipieriBackEnd\\Clase36\\node_modules\\express\\lib\\router\\index.js:175:3)\n    at router (C:\\Users\\Franco\\Desktop\\PROGRAMACION\\BACKEND\\FrancoPipieriBackEnd\\Clase36\\node_modules\\express\\lib\\router\\index.js:47:12)"},"msg":"Cannot destructure property 'user' of 'req.session.passport' as it is undefined."}
{"level":40,"time":1679956835164,"pid":12140,"hostname":"Franco-Asusta2","method":"GET","url":"/favicon.ico"}
{"level":40,"time":1679956851711,"pid":12140,"hostname":"Franco-Asusta2","method":"GET","url":"/favicon.ico"}
{"level":40,"time":1679956860273,"pid":12140,"hostname":"Franco-Asusta2","method":"GET","url":"/favicon.ico"}
{"level":40,"time":1679956864398,"pid":12140,"hostname":"Franco-Asusta2","method":"GET","url":"/favicon.ico"}
{"level":40,"time":1679956867128,"pid":12140,"hostname":"Franco-Asusta2","method":"GET","url":"/favicon.ico"}
{"level":40,"time":1679956874625,"pid":12140,"hostname":"Franco-Asusta2","method":"GET","url":"/favicon.ico"}
{"level":40,"time":1679956882413,"pid":12140,"hostname":"Franco-Asusta2","method":"GET","url":"/favicon.ico"}
{"level":40,"time":1679956885117,"pid":12140,"hostname":"Franco-Asusta2","method":"GET","url":"/favicon.ico"}
{"level":40,"time":1679957106710,"pid":12140,"hostname":"Franco-Asusta2","method":"GET","url":"/favicon.ico"}
{"level":40,"time":1680566748553,"pid":1560,"hostname":"Franco-Asusta2","method":"GET","url":"/"}
{"level":40,"time":1680566748802,"pid":1560,"hostname":"Franco-Asusta2","method":"GET","url":"/favicon.ico"}
{"level":40,"time":1680566750483,"pid":1560,"hostname":"Franco-Asusta2","method":"GET","url":"/favicon.ico"}
{"level":40,"time":1680566755523,"pid":1560,"hostname":"Franco-Asusta2","method":"GET","url":"/LOGO2.png"}
{"level":40,"time":1680566755599,"pid":1560,"hostname":"Franco-Asusta2","method":"GET","url":"/favicon.ico"}
{"level":40,"time":1680566758131,"pid":1560,"hostname":"Franco-Asusta2","method":"GET","url":"/LOGO2.png"}
{"level":40,"time":1680566759196,"pid":1560,"hostname":"Franco-Asusta2","method":"GET","url":"/favicon.ico"}
{"level":40,"time":1680566918276,"pid":1560,"hostname":"Franco-Asusta2","method":"GET","url":"/LOGO2.png"}
{"level":40,"time":1680566918439,"pid":1560,"hostname":"Franco-Asusta2","method":"GET","url":"/favicon.ico"}
{"level":40,"time":1680567064994,"pid":1560,"hostname":"Franco-Asusta2","method":"GET","url":"/LOGO2.png"}
{"level":40,"time":1680567065058,"pid":1560,"hostname":"Franco-Asusta2","method":"GET","url":"/favicon.ico"}
{"level":40,"time":1680567143769,"pid":1560,"hostname":"Franco-Asusta2","method":"GET","url":"/LOGO2.png"}
{"level":40,"time":1680567143841,"pid":1560,"hostname":"Franco-Asusta2","method":"GET","url":"/favicon.ico"}
{"level":40,"time":1680567160573,"pid":1560,"hostname":"Franco-Asusta2","method":"GET","url":"/LOGO2.png"}
{"level":40,"time":1680567160627,"pid":1560,"hostname":"Franco-Asusta2","method":"GET","url":"/favicon.ico"}
{"level":40,"time":1680567213319,"pid":1560,"hostname":"Franco-Asusta2","method":"GET","url":"/LOGO2.png"}
{"level":40,"time":1680567213462,"pid":1560,"hostname":"Franco-Asusta2","method":"GET","url":"/favicon.ico"}
{"level":40,"time":1680567340255,"pid":1560,"hostname":"Franco-Asusta2","method":"GET","url":"/LOGO2.png"}
{"level":40,"time":1680567340397,"pid":1560,"hostname":"Franco-Asusta2","method":"GET","url":"/favicon.ico"}
{"level":40,"time":1680567419012,"pid":1560,"hostname":"Franco-Asusta2","method":"GET","url":"/LOGO2.png"}
{"level":40,"time":1680567419131,"pid":1560,"hostname":"Franco-Asusta2","method":"GET","url":"/favicon.ico"}
{"level":40,"time":1680567465970,"pid":1560,"hostname":"Franco-Asusta2","method":"GET","url":"/LOGO2.png"}
{"level":40,"time":1680567466074,"pid":1560,"hostname":"Franco-Asusta2","method":"GET","url":"/favicon.ico"}
{"level":40,"time":1680567484688,"pid":1560,"hostname":"Franco-Asusta2","method":"GET","url":"/LOGO2.png"}
{"level":40,"time":1680567484777,"pid":1560,"hostname":"Franco-Asusta2","method":"GET","url":"/favicon.ico"}
{"level":40,"time":1680567490809,"pid":1560,"hostname":"Franco-Asusta2","method":"GET","url":"/LOGO2.png"}
{"level":40,"time":1680567490898,"pid":1560,"hostname":"Franco-Asusta2","method":"GET","url":"/favicon.ico"}
{"level":40,"time":1680567606245,"pid":1560,"hostname":"Franco-Asusta2","method":"GET","url":"/LOGO2.png"}
{"level":40,"time":1680567606302,"pid":1560,"hostname":"Franco-Asusta2","method":"GET","url":"/favicon.ico"}
{"level":40,"time":1680567664836,"pid":1560,"hostname":"Franco-Asusta2","method":"GET","url":"/LOGO2.png"}
{"level":40,"time":1680567710085,"pid":4080,"hostname":"Franco-Asusta2","method":"GET","url":"/favicon.ico"}
{"level":40,"time":1680567715373,"pid":4080,"hostname":"Franco-Asusta2","method":"GET","url":"/LOGO2.png"}
{"level":40,"time":1680567715503,"pid":4080,"hostname":"Franco-Asusta2","method":"GET","url":"/favicon.ico"}
{"level":40,"time":1680567718014,"pid":4080,"hostname":"Franco-Asusta2","method":"GET","url":"/LOGO2.png"}
{"level":40,"time":1680567718131,"pid":4080,"hostname":"Franco-Asusta2","method":"GET","url":"/favicon.ico"}
{"level":50,"time":1680567723921,"pid":4080,"hostname":"Franco-Asusta2","error":{},"msg":"Error adding product"}
{"level":40,"time":1680567724021,"pid":4080,"hostname":"Franco-Asusta2","method":"GET","url":"/favicon.ico"}
{"level":40,"time":1680567802828,"pid":4080,"hostname":"Franco-Asusta2","method":"GET","url":"/favicon.ico"}
{"level":50,"time":1680567804785,"pid":4080,"hostname":"Franco-Asusta2","error":{},"msg":"Error adding product"}
{"level":40,"time":1680567804868,"pid":4080,"hostname":"Franco-Asusta2","method":"GET","url":"/favicon.ico"}
